0 info it worked if it ends with ok
1 verbose cli [ '/usr/local/bin/node',
1 verbose cli   '/usr/local/bin/npm',
1 verbose cli   'install',
1 verbose cli   '-rf',
1 verbose cli   '-g',
1 verbose cli   'meteorite' ]
2 info using npm@1.3.14
3 info using node@v0.10.22
4 verbose cache add [ 'meteorite', null ]
5 verbose cache add name=undefined spec="meteorite" args=["meteorite",null]
6 verbose parsed url { protocol: null,
6 verbose parsed url   slashes: null,
6 verbose parsed url   auth: null,
6 verbose parsed url   host: null,
6 verbose parsed url   port: null,
6 verbose parsed url   hostname: null,
6 verbose parsed url   hash: null,
6 verbose parsed url   search: null,
6 verbose parsed url   query: null,
6 verbose parsed url   pathname: 'meteorite',
6 verbose parsed url   path: 'meteorite',
6 verbose parsed url   href: 'meteorite' }
7 silly lockFile 8f2f99a9-meteorite meteorite
8 verbose lock meteorite /home/user/.npm/8f2f99a9-meteorite.lock
9 silly lockFile 8f2f99a9-meteorite meteorite
10 silly lockFile 8f2f99a9-meteorite meteorite
11 verbose addNamed [ 'meteorite', '' ]
12 verbose addNamed [ null, '*' ]
13 silly lockFile bf6d5fee-meteorite meteorite@
14 verbose lock meteorite@ /home/user/.npm/bf6d5fee-meteorite.lock
15 silly addNameRange { name: 'meteorite', range: '*', hasData: false }
16 verbose url raw meteorite
17 verbose url resolving [ 'https://registry.npmjs.org/', './meteorite' ]
18 verbose url resolved https://registry.npmjs.org/meteorite
19 info trying registry request attempt 1 at 17:46:49
20 verbose etag "8BZ3MRU1BEUXYVSD2FRDOK4BX"
21 http GET https://registry.npmjs.org/meteorite
22 info retry will retry, error on last attempt: Error: getaddrinfo EADDRINFO
23 info trying registry request attempt 2 at 17:46:59
24 verbose etag "8BZ3MRU1BEUXYVSD2FRDOK4BX"
25 http GET https://registry.npmjs.org/meteorite
26 http 304 https://registry.npmjs.org/meteorite
27 silly registry.get cb [ 304,
27 silly registry.get   { date: 'Thu, 17 Jul 2014 09:47:00 GMT',
27 silly registry.get     server: 'Apache',
27 silly registry.get     via: '1.1 varnish',
27 silly registry.get     'last-modified': 'Thu, 17 Jul 2014 09:47:00 GMT',
27 silly registry.get     'cache-control': 'max-age=30',
27 silly registry.get     etag: '"8BZ3MRU1BEUXYVSD2FRDOK4BX"',
27 silly registry.get     'x-served-by': 'cache-ty67-TYO',
27 silly registry.get     'x-cache': 'MISS',
27 silly registry.get     'x-cache-hits': '0',
27 silly registry.get     'x-timer': 'S1405590420.037193,VS0,VE488',
27 silly registry.get     vary: 'Accept',
27 silly registry.get     'content-length': '0',
27 silly registry.get     'keep-alive': 'timeout=10, max=50',
27 silly registry.get     connection: 'Keep-Alive' } ]
28 verbose etag meteorite from cache
29 silly addNameRange number 2 { name: 'meteorite', range: '*', hasData: true }
30 silly addNameRange versions [ 'meteorite',
30 silly addNameRange   [ '0.0.1',
30 silly addNameRange     '0.0.2',
30 silly addNameRange     '0.0.3',
30 silly addNameRange     '0.0.4',
30 silly addNameRange     '0.0.5',
30 silly addNameRange     '0.0.6',
30 silly addNameRange     '0.0.7',
30 silly addNameRange     '0.0.8',
30 silly addNameRange     '0.0.9',
30 silly addNameRange     '0.0.10',
30 silly addNameRange     '0.0.11',
30 silly addNameRange     '0.0.12',
30 silly addNameRange     '0.0.13',
30 silly addNameRange     '0.0.14',
30 silly addNameRange     '0.0.15',
30 silly addNameRange     '0.0.16',
30 silly addNameRange     '0.0.17',
30 silly addNameRange     '0.0.18',
30 silly addNameRange     '0.0.19',
30 silly addNameRange     '0.1.0',
30 silly addNameRange     '0.1.1',
30 silly addNameRange     '0.2.0',
30 silly addNameRange     '0.2.1',
30 silly addNameRange     '0.2.2',
30 silly addNameRange     '0.3.0',
30 silly addNameRange     '0.3.1',
30 silly addNameRange     '0.3.3',
30 silly addNameRange     '0.4.0',
30 silly addNameRange     '0.4.1',
30 silly addNameRange     '0.4.2',
30 silly addNameRange     '0.4.3',
30 silly addNameRange     '0.4.4',
30 silly addNameRange     '0.4.5',
30 silly addNameRange     '0.4.6',
30 silly addNameRange     '0.4.7',
30 silly addNameRange     '0.4.8',
30 silly addNameRange     '0.4.9',
30 silly addNameRange     '0.5.0',
30 silly addNameRange     '0.5.1',
30 silly addNameRange     '0.6.0',
30 silly addNameRange     '0.6.1',
30 silly addNameRange     '0.6.2',
30 silly addNameRange     '0.6.3',
30 silly addNameRange     '0.6.4',
30 silly addNameRange     '0.6.5',
30 silly addNameRange     '0.6.6',
30 silly addNameRange     '0.6.7',
30 silly addNameRange     '0.6.8',
30 silly addNameRange     '0.6.9',
30 silly addNameRange     '0.6.10',
30 silly addNameRange     '0.6.11',
30 silly addNameRange     '0.6.12',
30 silly addNameRange     '0.6.13',
30 silly addNameRange     '0.6.14',
30 silly addNameRange     '0.6.15',
30 silly addNameRange     '0.6.16',
30 silly addNameRange     '0.7.0',
30 silly addNameRange     '0.7.1',
30 silly addNameRange     '0.7.2',
30 silly addNameRange     '0.7.3',
30 silly addNameRange     '0.7.4' ] ]
31 verbose addNamed [ 'meteorite', '0.7.4' ]
32 verbose addNamed [ '0.7.4', '0.7.4' ]
33 silly lockFile a59f90ce-meteorite-0-7-4 meteorite@0.7.4
34 verbose lock meteorite@0.7.4 /home/user/.npm/a59f90ce-meteorite-0-7-4.lock
35 silly lockFile 7ea444ff-rg-meteorite-meteorite-0-7-4-tgz https://registry.npmjs.org/meteorite/-/meteorite-0.7.4.tgz
36 verbose lock https://registry.npmjs.org/meteorite/-/meteorite-0.7.4.tgz /home/user/.npm/7ea444ff-rg-meteorite-meteorite-0-7-4-tgz.lock
37 verbose addRemoteTarball [ 'https://registry.npmjs.org/meteorite/-/meteorite-0.7.4.tgz',
37 verbose addRemoteTarball   '23bcd3a63a41bbc4df3b9bf04f93ca77fc56ed8e' ]
38 silly lockFile 7ea444ff-rg-meteorite-meteorite-0-7-4-tgz https://registry.npmjs.org/meteorite/-/meteorite-0.7.4.tgz
39 silly lockFile 7ea444ff-rg-meteorite-meteorite-0-7-4-tgz https://registry.npmjs.org/meteorite/-/meteorite-0.7.4.tgz
40 silly lockFile a59f90ce-meteorite-0-7-4 meteorite@0.7.4
41 silly lockFile a59f90ce-meteorite-0-7-4 meteorite@0.7.4
42 silly lockFile bf6d5fee-meteorite meteorite@
43 silly lockFile bf6d5fee-meteorite meteorite@
44 error Error: EACCES, mkdir '/home/user/tmp/npm-4555-vUr0M91V'
44 error  { [Error: EACCES, mkdir '/home/user/tmp/npm-4555-vUr0M91V']
44 error   errno: 3,
44 error   code: 'EACCES',
44 error   path: '/home/user/tmp/npm-4555-vUr0M91V' }
45 error Please try running this command again as root/Administrator.
46 error System Linux 3.8.0-25-generic
47 error command "/usr/local/bin/node" "/usr/local/bin/npm" "install" "-rf" "-g" "meteorite"
48 error cwd /home/user/Projects/tryme
49 error node -v v0.10.22
50 error npm -v 1.3.14
51 error path /home/user/tmp/npm-4555-vUr0M91V
52 error code EACCES
53 error errno 3
54 error stack Error: EACCES, mkdir '/home/user/tmp/npm-4555-vUr0M91V'
55 verbose exit [ 3, true ]
